Opening a Connection
Connected
Loading Initial Data
Time to load base tables :67.654791 (sec) 
Closing Connection
Starting 4 processes to read and write lobby activity
Opening a Connection
Connected
Opening a Connection
Connected
Opening a Connection
Connected
Opening a Connection
Connected
Running Operations
Running Operations
Running Operations
Running Operations
Waiting on 4 processes to finish 
Getting results
Load Operation Times
                           LOAD_LOBBYIST -  Latency Perecentiles(ms) - 50th:1.00, 95th:2.00, 99th:2.00, 100th:31.00 - Count:31063
                                LOAD_EMP -  Latency Perecentiles(ms) - 50th:0.00, 95th:1.00, 99th:3.00, 100th:10.00 - Count:3047
                             LOAD_CLIENT -  Latency Perecentiles(ms) - 50th:0.00, 95th:1.00, 99th:1.00, 100th:13.00 - Count:8856
Operation Times
  READ_COMP_BY_GREATER_THAN_COMPENSATION -  Latency Perecentiles(ms) - 50th:6.00, 95th:13.00, 99th:16.00, 100th:17.00 - Count:100
              READ_EXPEND_BY_LOBBYIST_ID -  Latency Perecentiles(ms) - 50th:0.00, 95th:0.00, 99th:1.00, 100th:24.00 - Count:400
                         INSERT_ACTIVITY -  Latency Perecentiles(ms) - 50th:1.00, 95th:2.00, 99th:5.00, 100th:27.00 - Count:60455
                         READ_COMP_BY_ID -  Latency Perecentiles(ms) - 50th:0.00, 95th:0.00, 99th:1.00, 100th:6.00 - Count:4596
                  READ_COMP_BY_CLIENT_ID -  Latency Perecentiles(ms) - 50th:4.00, 95th:8.00, 99th:9.00, 100th:15.00 - Count:500
                             INSERT_COMP -  Latency Perecentiles(ms) - 50th:1.00, 95th:2.00, 99th:5.00, 100th:19.00 - Count:22984
                     READ_ACTIVITY_BY_ID -  Latency Perecentiles(ms) - 50th:0.00, 95th:0.00, 99th:1.00, 100th:14.00 - Count:30227
             COUNT_ACTIVITY_BY_CLIENT_ID -  Latency Perecentiles(ms) - 50th:0.00, 95th:1.00, 99th:1.00, 100th:2.00 - Count:1000
                       READ_EXPEND_BY_ID -  Latency Perecentiles(ms) - 50th:0.00, 95th:0.00, 99th:1.00, 100th:1.00 - Count:972
                           INSERT_EXPEND -  Latency Perecentiles(ms) - 50th:1.00, 95th:3.00, 99th:5.00, 100th:25.00 - Count:2917
Closing Connection
Closing Connection
Closing Connection
Closing Connection
Opening a Connection
Connected
Analyzing Data
Load Analyze Times
                MOST_PRODUCTIVE_LOBBYIST -  Latency Perecentiles(ms) - 50th:315.00, 95th:315.00, 99th:315.00, 100th:315.00 - Count:1
                  LEAST_EFFICIENT_CLIENT -  Latency Perecentiles(ms) - 50th:34.00, 95th:34.00, 99th:34.00, 100th:34.00 - Count:1
Closing Connection
